<?xml version="1.0" encoding="UTF-8"?>
<!-- Generated by org.testng.reporters.JUnitXMLReporter -->
<testsuite hostname="DESKTOP-PO16SGR" ignored="2" name="Free CRM App Test Cases" tests="5" failures="0" timestamp="02 Sep 2019 22:20:42 GMT" time="64.431" errors="0">
  <testcase name="loginErrorTest" time="1.866" classname="com.crm.qa.testcases.LoginPageTest"/>
  <testcase name="validateTitle" time="0.038" classname="com.crm.qa.testcases.HomePageTest"/>
  <testcase name="repositoryLinkCountTest" time="2.176" classname="com.crm.qa.testcases.RepositoriesPageTest"/>
  <testcase name="loginTest" time="3.319" classname="com.crm.qa.testcases.LoginPageTest"/>
  <testcase name="navigateRepositoryPage" time="2.092" classname="com.crm.qa.testcases.HomePageTest"/>
  <testcase name="@BeforeSuite envSetUp" time="0.0" classname="com.crm.qa.base.BaseTest">
    <ignored/>
  </testcase> <!-- @BeforeSuite envSetUp -->
  <testcase name="@BeforeSuite envSetUp" time="0.0" classname="com.crm.qa.base.BaseTest">
    <ignored/>
  </testcase> <!-- @BeforeSuite envSetUp -->
</testsuite> <!-- Free CRM App Test Cases -->
