<?xml version="1.0" encoding="UTF-8"?>
<!-- Generated by org.testng.reporters.JUnitXMLReporter -->
<testsuite hostname="DESKTOP-PO16SGR" ignored="2" name="Free CRM App Test Cases" tests="9" failures="0" timestamp="11 Sep 2019 22:31:13 GMT" time="325.644" errors="0">
  <testcase name="loginErrorTest" time="1.804" classname="com.crm.qa.testcases.LoginPageTest"/>
  <testcase name="validateTitle" time="0.035" classname="com.crm.qa.testcases.HomePageTest"/>
  <testcase name="repositoryLinkCountTest" time="2.43" classname="com.crm.qa.testcases.RepositoriesPageTest"/>
  <testcase name="loginTest" time="2.618" classname="com.crm.qa.testcases.LoginPageTest"/>
  <testcase name="searchAndSelectDropdownTest" time="3.854" classname="com.crm.qa.testcases.HomePageTest"/>
  <testcase name="searchRepository" time="3.93" classname="com.crm.qa.testcases.HomePageTest"/>
  <testcase name="searchRepository" time="3.598" classname="com.crm.qa.testcases.HomePageTest"/>
  <testcase name="searchRepository" time="3.615" classname="com.crm.qa.testcases.HomePageTest"/>
  <testcase name="navigateRepositoryPage" time="2.372" classname="com.crm.qa.testcases.HomePageTest"/>
  <testcase name="@BeforeSuite envSetUp" time="0.0" classname="com.crm.qa.base.BaseTest">
    <ignored/>
  </testcase> <!-- @BeforeSuite envSetUp -->
  <testcase name="@BeforeSuite envSetUp" time="0.0" classname="com.crm.qa.base.BaseTest">
    <ignored/>
  </testcase> <!-- @BeforeSuite envSetUp -->
</testsuite> <!-- Free CRM App Test Cases -->
