<?xml version="1.0" encoding="UTF-8"?>
<!-- Generated by org.testng.reporters.JUnitXMLReporter -->
<testsuite hostname="DESKTOP-PO16SGR" ignored="6" name="Default test" tests="3" failures="0" timestamp="25 Aug 2019 22:14:55 GMT" time="41.405" errors="0">
  <testcase name="loginTest" time="2.396" classname="com.crm.qa.testcases.LoginPageTest"/>
  <testcase name="validateTitle" time="0.032" classname="com.crm.qa.testcases.HomePageTest"/>
  <testcase name="navigateRepositoryPage" time="10.27" classname="com.crm.qa.testcases.HomePageTest"/>
  <testcase name="@BeforeSuite envSetUp" time="0.0" classname="com.crm.qa.base.BaseTest">
    <ignored/>
  </testcase> <!-- @BeforeSuite envSetUp -->
  <testcase name="@BeforeSuite envSetUp" time="0.0" classname="com.crm.qa.base.BaseTest">
    <ignored/>
  </testcase> <!-- @BeforeSuite envSetUp -->
  <testcase name="@BeforeSuite envSetUp" time="0.0" classname="com.crm.qa.base.BaseTest">
    <ignored/>
  </testcase> <!-- @BeforeSuite envSetUp -->
  <testcase name="@BeforeSuite envSetUp" time="0.0" classname="com.crm.qa.base.BaseTest">
    <ignored/>
  </testcase> <!-- @BeforeSuite envSetUp -->
  <testcase name="@BeforeSuite envSetUp" time="0.0" classname="com.crm.qa.base.BaseTest">
    <ignored/>
  </testcase> <!-- @BeforeSuite envSetUp -->
  <testcase name="@BeforeSuite envSetUp" time="0.0" classname="com.crm.qa.base.BaseTest">
    <ignored/>
  </testcase> <!-- @BeforeSuite envSetUp -->
</testsuite> <!-- Default test -->
