<?xml version="1.0" encoding="UTF-8"?>
<!-- Generated by org.testng.reporters.JUnitXMLReporter -->
<testsuite hostname="DESKTOP-PO16SGR" ignored="2" name="Command line test" tests="5" failures="0" timestamp="03 Sep 2019 21:13:47 GMT" time="74.811" errors="0">
  <testcase name="validateTitle" time="0.041" classname="com.crm.qa.testcases.HomePageTest"/>
  <testcase name="loginErrorTest" time="1.958" classname="com.crm.qa.testcases.LoginPageTest"/>
  <testcase name="repositoryLinkCountTest" time="3.007" classname="com.crm.qa.testcases.RepositoriesPageTest"/>
  <testcase name="searchAndSelectDropdownTest" time="6.211" classname="com.crm.qa.testcases.HomePageTest"/>
  <testcase name="loginTest" time="3.006" classname="com.crm.qa.testcases.LoginPageTest"/>
  <testcase name="@BeforeSuite envSetUp" time="0.0" classname="com.crm.qa.base.BaseTest">
    <ignored/>
  </testcase> <!-- @BeforeSuite envSetUp -->
  <testcase name="@BeforeSuite envSetUp" time="0.0" classname="com.crm.qa.base.BaseTest">
    <ignored/>
  </testcase> <!-- @BeforeSuite envSetUp -->
</testsuite> <!-- Command line test -->
