<?xml version="1.0" encoding="UTF-8"?>
<!-- Generated by org.testng.reporters.JUnitXMLReporter -->
<testsuite hostname="DESKTOP-PO16SGR" ignored="2" name="Command line test" tests="9" failures="0" timestamp="11 Sep 2019 22:00:54 GMT" time="327.222" errors="0">
  <testcase name="validateTitle" time="0.065" classname="com.crm.qa.testcases.HomePageTest"/>
  <testcase name="loginErrorTest" time="2.273" classname="com.crm.qa.testcases.LoginPageTest"/>
  <testcase name="repositoryLinkCountTest" time="2.192" classname="com.crm.qa.testcases.RepositoriesPageTest"/>
  <testcase name="searchAndSelectDropdownTest" time="3.655" classname="com.crm.qa.testcases.HomePageTest"/>
  <testcase name="searchRepository" time="3.907" classname="com.crm.qa.testcases.HomePageTest"/>
  <testcase name="searchRepository" time="3.549" classname="com.crm.qa.testcases.HomePageTest"/>
  <testcase name="searchRepository" time="3.457" classname="com.crm.qa.testcases.HomePageTest"/>
  <testcase name="loginTest" time="2.442" classname="com.crm.qa.testcases.LoginPageTest"/>
  <testcase name="navigateRepositoryPage" time="2.693" classname="com.crm.qa.testcases.HomePageTest"/>
  <testcase name="@BeforeSuite envSetUp" time="0.0" classname="com.crm.qa.base.BaseTest">
    <ignored/>
  </testcase> <!-- @BeforeSuite envSetUp -->
  <testcase name="@BeforeSuite envSetUp" time="0.0" classname="com.crm.qa.base.BaseTest">
    <ignored/>
  </testcase> <!-- @BeforeSuite envSetUp -->
</testsuite> <!-- Command line test -->
